Vivado Simulator 2017.4
Copyright 1986-1999, 2001-2016 Xilinx, Inc. All Rights Reserved.
Running: C:/Xilinx/Vivado/2017.4/bin/unwrapped/win64.o/xelab.exe -wto e6023d7d20e64012b0424a30a2cd947e --incr --debug typical --relax --mt 2 -L xil_defaultlib -L secureip --snapshot Matrix_Multiplier_tb_behav xil_defaultlib.Matrix_Multiplier_tb -log elaborate.log 
Using 2 slave threads.
Starting static elaboration
Completed static elaboration
Starting simulation data flow analysis
Completed simulation data flow analysis
Time Resolution for simulation is 1ps
Compiling package std.standard
Compiling package std.textio
Compiling package ieee.std_logic_1164
Compiling package ieee.numeric_std
Compiling package xil_defaultlib.digeng
Compiling package ieee.std_logic_arith
Compiling architecture behavioral of entity xil_defaultlib.Debouncer [debouncer_default]
Compiling architecture behavioral of entity xil_defaultlib.Param_Counter [\Param_Counter(limit=3)\]
Compiling architecture behavioral of entity xil_defaultlib.Param_Counter [\Param_Counter(limit=4)\]
Compiling architecture behavioral of entity xil_defaultlib.Param_Counter [\Param_Counter(limit=5)\]
Compiling architecture behavioral of entity xil_defaultlib.Control_Logic [\Control_Logic(data_size=5,h=4,m...]
Compiling architecture behavioral of entity xil_defaultlib.ROM_A [\ROM_A(data_size=5,h=4,m=3)\]
Compiling architecture behavioral of entity xil_defaultlib.ROM_B [\ROM_B(data_size=5,m=3,n=5)\]
Compiling architecture behavioral of entity xil_defaultlib.param_register [\param_register(data_size=11)\]
Compiling architecture behavioral of entity xil_defaultlib.MACC [\MACC(data_size=5,m=3)\]
Compiling architecture behavioral of entity xil_defaultlib.RAM [\RAM(data_size=5,h=4,m=3,n=5)\]
Compiling architecture behavioral of entity xil_defaultlib.Datapath [\Datapath(data_size=5,h=4,m=3,n=...]
Compiling architecture behavioral of entity xil_defaultlib.Matrix_Multiplier [matrix_multiplier_default]
Compiling architecture behavioral of entity xil_defaultlib.matrix_multiplier_tb
Built simulation snapshot Matrix_Multiplier_tb_behav
