#-----------------------------------------------------------
# Vivado v2017.4 (64-bit)
# SW Build 2086221 on Fri Dec 15 20:55:39 MST 2017
# IP Build 2085800 on Fri Dec 15 22:25:07 MST 2017
# Start of session at: Wed Nov 28 19:51:47 2018
# Process ID: 424
# Current directory: F:/YEAR_2/HDL/DDHDL_Assignment/DDHDL_FinalProject
# Command line: vivado.exe -gui_launcher_event rodinguilauncherevent6332 F:\YEAR_2\HDL\DDHDL_Assignment\DDHDL_FinalProject\DDHDL_FinalProject.xpr
# Log file: F:/YEAR_2/HDL/DDHDL_Assignment/DDHDL_FinalProject/vivado.log
# Journal file: F:/YEAR_2/HDL/DDHDL_Assignment/DDHDL_FinalProject\vivado.jou
#-----------------------------------------------------------
start_gui
open_project F:/YEAR_2/HDL/DDHDL_Assignment/DDHDL_FinalProject/DDHDL_FinalProject.xpr
INFO: [Project 1-313] Project file moved from 'E:/Uni_Year2_Labs/DDHDL/DDHDL_Assignment/DDHDL_FinalProject' since last save.
Scanning sources...
Finished scanning sources
INFO: [IP_Flow 19-234] Refreshing IP repositories
INFO: [IP_Flow 19-1704] No user IP repositories specified
INFO: [IP_Flow 19-2313] Loaded Vivado IP repository 'C:/Xilinx/Vivado/2017.4/data/ip'.
open_project: Time (s): cpu = 00:00:10 ; elapsed = 00:00:06 . Memory (MB): peak = 787.816 ; gain = 112.227
exit
INFO: [Common 17-206] Exiting Vivado at Wed Nov 28 20:32:40 2018...
