#-----------------------------------------------------------
# Vivado v2017.4 (64-bit)
# SW Build 2086221 on Fri Dec 15 20:55:39 MST 2017
# IP Build 2085800 on Fri Dec 15 22:25:07 MST 2017
# Start of session at: Thu Nov 29 10:26:04 2018
# Process ID: 9744
# Current directory: E:/Uni_Year2_Labs/DDHDL/DDHDL_Assignment/DDHDL_FinalProject
# Command line: vivado.exe -gui_launcher_event rodinguilauncherevent5204 E:\Uni_Year2_Labs\DDHDL\DDHDL_Assignment\DDHDL_FinalProject\DDHDL_FinalProject.xpr
# Log file: E:/Uni_Year2_Labs/DDHDL/DDHDL_Assignment/DDHDL_FinalProject/vivado.log
# Journal file: E:/Uni_Year2_Labs/DDHDL/DDHDL_Assignment/DDHDL_FinalProject\vivado.jou
#-----------------------------------------------------------
start_gui
open_project E:/Uni_Year2_Labs/DDHDL/DDHDL_Assignment/DDHDL_FinalProject/DDHDL_FinalProject.xpr
Scanning sources...
Finished scanning sources
INFO: [IP_Flow 19-234] Refreshing IP repositories
INFO: [IP_Flow 19-1704] No user IP repositories specified
INFO: [IP_Flow 19-2313] Loaded Vivado IP repository 'C:/Xilinx/Vivado/2017.4/data/ip'.
open_project: Time (s): cpu = 00:00:08 ; elapsed = 00:00:07 . Memory (MB): peak = 804.113 ; gain = 76.648
exit
INFO: [Common 17-206] Exiting Vivado at Thu Nov 29 10:26:57 2018...
